<?xml version="1.0" encoding="UTF-8"?>
<!-- Generated by org.testng.reporters.JUnitReportReporter -->
<testsuite hostname="C02VQ1TKHV2Q" failures="0" tests="1" name="EncryptorDecryptorTest" time="0.665" errors="0" timestamp="27 Oct 2019 22:25:23 GMT">
  <testcase classname="EncryptorDecryptorTest" name="testEncryptDecryptWithDifferentSecrets" time="0.665"/>
</testsuite> <!-- EncryptorDecryptorTest -->
